2026-01-11 10:05:49,393 | char_endpoint.py | INFO | Got all characters from SWAPI Tech
2026-01-11 10:05:49,578 | details_endpoint.py | INFO | Got all characters  detalis from SWAPI Info
2026-01-11 10:56:55,408 | get_all_planets.py | INFO | Got all planets from DB
2026-01-11 10:57:12,225 | get_all_planets_by_id.py | INFO | Error on getting planet 1 id from DB
2026-01-11 10:57:28,596 | get_all_planets_by_id.py | INFO | Error on getting planet 2 id from DB
2026-01-11 10:57:36,728 | get_all_planets_by_id.py | INFO | Error on getting planet 8 id from DB
2026-01-11 10:57:57,827 | get_all_planets_by_id.py | INFO | Error on getting planet 1 id from DB
2026-01-11 10:58:13,971 | get_all_planets_by_id.py | INFO | Error on getting planet 1 id from DB
2026-01-11 10:59:15,268 | char_endpoint.py | INFO | Got all characters from SWAPI Tech
2026-01-11 10:59:15,454 | details_endpoint.py | INFO | Got all characters  detalis from SWAPI Info
2026-01-11 10:59:16,322 | get_all_planets_by_id.py | INFO | Error on getting planet 1 id from DB
2026-01-11 10:59:31,067 | char_endpoint.py | INFO | Got all characters from SWAPI Tech
2026-01-11 10:59:31,184 | details_endpoint.py | INFO | Got all characters  detalis from SWAPI Info
2026-01-11 11:00:24,523 | get_all_planets.py | INFO | Got all planets from DB
2026-01-11 11:00:52,594 | char_endpoint.py | INFO | Got all characters from SWAPI Tech
2026-01-11 11:00:52,710 | details_endpoint.py | INFO | Got all characters  detalis from SWAPI Info
2026-01-11 11:01:43,606 | get_all_planets_by_id.py | INFO | Error on getting planet 1 id from DB
2026-01-11 11:01:47,161 | char_endpoint.py | INFO | Got all characters from SWAPI Tech
2026-01-11 11:01:47,306 | details_endpoint.py | INFO | Got all characters  detalis from SWAPI Info
2026-01-11 11:02:04,174 | char_endpoint.py | INFO | Got all characters from SWAPI Tech
2026-01-11 11:02:04,269 | details_endpoint.py | INFO | Got all characters  detalis from SWAPI Info
2026-01-11 11:05:37,802 | char_endpoint.py | INFO | Got all characters from SWAPI Tech
2026-01-11 11:05:37,894 | details_endpoint.py | INFO | Got all characters  detalis from SWAPI Info
2026-01-11 11:08:03,498 | char_endpoint.py | INFO | Got all characters from SWAPI Tech
2026-01-11 11:08:03,605 | details_endpoint.py | INFO | Got all characters  detalis from SWAPI Info
2026-01-11 11:08:20,929 | get_all_planets_by_id.py | INFO | Error on getting planet 2 id from DB
2026-01-11 11:08:35,387 | char_endpoint.py | INFO | Got all characters from SWAPI Tech
2026-01-11 11:08:35,489 | details_endpoint.py | INFO | Got all characters  detalis from SWAPI Info
2026-01-11 11:10:20,358 | get_all_planets.py | INFO | Got all planets from DB
2026-01-11 11:13:49,690 | get_all_planets_by_id.py | INFO | Error on getting planet 1 id from DB
2026-01-11 11:15:56,757 | get_all_planets_by_id.py | INFO | Error on getting planet 1 id from DB
2026-01-11 11:15:57,508 | char_endpoint.py | INFO | Got all characters from SWAPI Tech
2026-01-11 11:15:57,691 | details_endpoint.py | INFO | Got all characters  detalis from SWAPI Info
2026-01-11 11:16:23,213 | char_endpoint.py | INFO | Got all characters from SWAPI Tech
2026-01-11 11:16:23,299 | details_endpoint.py | INFO | Got all characters  detalis from SWAPI Info
2026-01-11 12:16:48,878 | char_endpoint.py | INFO | Got all characters from SWAPI Tech
2026-01-11 12:16:49,000 | details_endpoint.py | INFO | Got all characters  detalis from SWAPI Info
2026-01-11 13:17:13,649 | char_endpoint.py | INFO | Got all characters from SWAPI Tech
2026-01-11 13:17:13,754 | details_endpoint.py | INFO | Got all characters  detalis from SWAPI Info
2026-01-11 14:12:35,127 | get_all_planets_by_id.py | INFO | Error on getting planet 1 id from DB
2026-01-11 14:12:53,428 | get_all_planets.py | INFO | Got all planets from DB
2026-01-11 14:15:51,441 | char_endpoint.py | INFO | Got all characters from SWAPI Tech
2026-01-11 14:15:51,540 | details_endpoint.py | INFO | Got all characters  detalis from SWAPI Info
2026-01-11 14:16:15,364 | get_all_planets.py | INFO | Got all planets from DB
2026-01-11 14:16:22,040 | get_all_planets_by_id.py | INFO | Error on getting planet 1 id from DB
2026-01-11 14:16:40,331 | get_all_planets_by_id.py | INFO | Error on getting planet 1 id from DB
2026-01-11 14:17:23,209 | char_endpoint.py | INFO | Got all characters from SWAPI Tech
2026-01-11 14:17:23,292 | details_endpoint.py | INFO | Got all characters  detalis from SWAPI Info
2026-01-11 14:17:23,683 | get_all_planets.py | INFO | Got all planets from DB
2026-01-11 14:17:27,706 | get_all_planets.py | INFO | Got all planets from DB
2026-01-11 14:17:28,865 | get_all_planets.py | INFO | Got all planets from DB
2026-01-11 14:20:16,174 | char_endpoint.py | INFO | Got all characters from SWAPI Tech
2026-01-11 14:20:16,241 | details_endpoint.py | INFO | Got all characters  detalis from SWAPI Info
2026-01-11 14:21:40,167 | get_all_planets.py | INFO | Got all planets from DB
2026-01-11 14:37:40,737 | char_endpoint.py | INFO | Got all characters from SWAPI Tech
2026-01-11 14:37:40,942 | details_endpoint.py | INFO | Got all characters  detalis from SWAPI Info
2026-01-11 14:37:43,475 | get_all_planets.py | INFO | Got all planets from DB
2026-01-11 14:37:48,050 | get_all_planets_by_id.py | INFO | There is planet with the 1 id in the DB
2026-01-11 14:40:27,054 | get_all_planets_by_id.py | INFO | There is planet with the 1 id in the DB
2026-01-11 14:40:28,458 | char_endpoint.py | INFO | Got all characters from SWAPI Tech
2026-01-11 14:40:28,571 | details_endpoint.py | INFO | Got all characters  detalis from SWAPI Info
2026-01-11 14:40:43,007 | char_endpoint.py | INFO | Got all characters from SWAPI Tech
2026-01-11 14:40:43,076 | details_endpoint.py | INFO | Got all characters  detalis from SWAPI Info
2026-01-11 14:41:29,962 | get_all_planets_by_id.py | INFO | There is planet with the 1 id in the DB
2026-01-11 14:42:11,629 | char_endpoint.py | INFO | Got all characters from SWAPI Tech
2026-01-11 14:42:11,761 | details_endpoint.py | INFO | Got all characters  detalis from SWAPI Info
2026-01-11 14:42:47,848 | get_all_planets.py | INFO | Got all planets from DB
2026-01-11 14:42:56,340 | get_all_planets_by_id.py | INFO | There is planet with the 1 id in the DB
2026-01-11 14:46:20,724 | get_all_planets.py | INFO | Got all planets from DB
2026-01-11 14:46:21,827 | char_endpoint.py | INFO | Got all characters from SWAPI Tech
2026-01-11 14:46:21,943 | details_endpoint.py | INFO | Got all characters  detalis from SWAPI Info
2026-01-11 14:48:45,032 | get_all_planets.py | INFO | Got all planets from DB
2026-01-11 14:48:48,052 | char_endpoint.py | INFO | Got all characters from SWAPI Tech
2026-01-11 14:48:48,062 | get_all_planets_by_id.py | INFO | There is planet with the 1 id in the DB
2026-01-11 14:48:48,202 | details_endpoint.py | INFO | Got all characters  detalis from SWAPI Info
2026-01-11 14:49:16,345 | char_endpoint.py | INFO | Got all characters from SWAPI Tech
2026-01-11 14:49:16,433 | details_endpoint.py | INFO | Got all characters  detalis from SWAPI Info
2026-01-11 14:49:29,618 | get_all_planets_by_id.py | INFO | There is planet with the 1 id in the DB
2026-01-11 14:49:36,687 | get_all_planets_by_id.py | INFO | There is planet with the 2 id in the DB
2026-01-11 14:49:36,862 | char_endpoint.py | INFO | Got all characters from SWAPI Tech
2026-01-11 14:49:36,974 | details_endpoint.py | INFO | Got all characters  detalis from SWAPI Info
2026-01-11 14:49:39,319 | get_all_planets_by_id.py | INFO | There is planet with the 3 id in the DB
2026-01-11 14:49:39,319 | get_all_planets_by_id.py | INFO | Error on getting planet 3 id from DB
2026-01-11 14:49:45,425 | get_all_planets_by_id.py | INFO | There is planet with the 4 id in the DB
2026-01-11 14:49:45,425 | get_all_planets_by_id.py | INFO | Error on getting planet 4 id from DB
2026-01-11 14:49:47,878 | get_all_planets_by_id.py | INFO | There is planet with the 1 id in the DB
2026-01-11 14:50:07,028 | char_endpoint.py | INFO | Got all characters from SWAPI Tech
2026-01-11 14:50:07,097 | details_endpoint.py | INFO | Got all characters  detalis from SWAPI Info
2026-01-11 14:50:18,980 | get_all_planets_by_id.py | INFO | There is planet with the 1 id in the DB
2026-01-11 14:50:21,580 | get_all_planets_by_id.py | INFO | There is planet with the 1 id in the DB
2026-01-11 14:50:26,196 | get_all_planets_by_id.py | INFO | There is planet with the 2 id in the DB
2026-01-11 14:50:29,041 | get_all_planets_by_id.py | INFO | There is planet with the 1 id in the DB
2026-01-11 14:50:31,961 | get_all_planets_by_id.py | INFO | There is planet with the 2 id in the DB
2026-01-11 14:50:32,932 | char_endpoint.py | INFO | Got all characters from SWAPI Tech
2026-01-11 14:50:33,020 | details_endpoint.py | INFO | Got all characters  detalis from SWAPI Info
2026-01-11 14:54:26,423 | char_endpoint.py | INFO | Got all characters from SWAPI Tech
2026-01-11 14:54:26,508 | details_endpoint.py | INFO | Got all characters  detalis from SWAPI Info
2026-01-11 14:56:03,002 | get_all_planets.py | INFO | Got all planets from DB
2026-01-11 14:56:09,940 | get_all_planets_by_id.py | INFO | Error on getting planet 1 id from DB
2026-01-11 14:58:42,673 | char_endpoint.py | INFO | Got all characters from SWAPI Tech
2026-01-11 14:58:42,823 | details_endpoint.py | INFO | Got all characters  detalis from SWAPI Info
2026-01-11 14:59:04,728 | get_all_planets_by_id.py | INFO | Error on getting planet 1 id from DB
2026-01-11 14:59:47,187 | char_endpoint.py | INFO | Got all characters from SWAPI Tech
2026-01-11 14:59:47,406 | details_endpoint.py | INFO | Got all characters  detalis from SWAPI Info
2026-01-11 14:59:58,653 | get_all_planets_by_id.py | INFO | Error on getting planet 1 id from DB
2026-01-11 15:01:19,718 | get_all_planets_by_id.py | INFO | Error on getting planet 1 id from DB
2026-01-11 15:01:21,625 | get_all_planets.py | INFO | Got all planets from DB
2026-01-11 15:02:25,878 | get_all_planets.py | INFO | Got all planets from DB
2026-01-11 15:02:57,239 | get_all_planets.py | INFO | Got all planets from DB
2026-01-11 15:03:02,186 | get_all_planets_by_id.py | INFO | Error on getting planet 1 id from DB
2026-01-11 15:04:44,425 | get_all_planets_by_id.py | INFO | Error on getting planet 1 id from DB
2026-01-11 15:04:47,982 | char_endpoint.py | INFO | Got all characters from SWAPI Tech
2026-01-11 15:04:48,118 | details_endpoint.py | INFO | Got all characters  detalis from SWAPI Info
2026-01-11 15:05:16,960 | get_all_planets.py | INFO | Got all planets from DB
2026-01-11 15:07:24,873 | get_all_planets.py | INFO | Got all planets from DB
2026-01-11 15:07:32,200 | get_all_planets_by_id.py | INFO | There is planet with the 1 id in the DB
2026-01-11 15:07:34,381 | char_endpoint.py | INFO | Got all characters from SWAPI Tech
2026-01-11 15:07:34,446 | details_endpoint.py | INFO | Got all characters  detalis from SWAPI Info
2026-01-11 15:07:37,953 | get_all_planets_by_id.py | INFO | There is planet with the 2 id in the DB
2026-01-11 15:07:42,667 | get_all_planets_by_id.py | INFO | There is planet with the 4 id in the DB
2026-01-11 15:07:42,667 | get_all_planets_by_id.py | INFO | Error on getting planet 4 id from DB
2026-01-11 15:07:45,008 | get_all_planets_by_id.py | INFO | There is planet with the 5 id in the DB
2026-01-11 15:07:45,009 | get_all_planets_by_id.py | INFO | Error on getting planet 5 id from DB
2026-01-11 15:07:47,290 | get_all_planets_by_id.py | INFO | There is planet with the 6 id in the DB
2026-01-11 15:07:50,338 | get_all_planets_by_id.py | INFO | There is planet with the 7 id in the DB
2026-01-11 15:09:51,117 | char_endpoint.py | INFO | Got all characters from SWAPI Tech
2026-01-11 15:09:51,326 | details_endpoint.py | INFO | Got all characters  detalis from SWAPI Info
2026-01-11 15:10:06,260 | get_all_planets.py | INFO | Got all planets from DB
2026-01-11 15:10:09,433 | get_all_planets_by_id.py | INFO | There is planet with the 1 id in the DB
